mode: count
github.com/jeromedoucet/gildedRose/gilded-rose.go:19.13,23.2 3 0
github.com/jeromedoucet/gildedRose/gilded-rose.go:25.38,26.34 1 14
github.com/jeromedoucet/gildedRose/gilded-rose.go:54.2,54.14 1 14
github.com/jeromedoucet/gildedRose/gilded-rose.go:26.34,29.52 1 84
github.com/jeromedoucet/gildedRose/gilded-rose.go:34.3,34.29 1 70
github.com/jeromedoucet/gildedRose/gilded-rose.go:39.3,41.67 2 65
github.com/jeromedoucet/gildedRose/gilded-rose.go:46.3,46.35 1 52
github.com/jeromedoucet/gildedRose/gilded-rose.go:51.3,51.47 1 39
github.com/jeromedoucet/gildedRose/gilded-rose.go:29.52,30.12 1 14
github.com/jeromedoucet/gildedRose/gilded-rose.go:34.29,36.12 2 5
github.com/jeromedoucet/gildedRose/gilded-rose.go:41.67,43.12 2 13
github.com/jeromedoucet/gildedRose/gilded-rose.go:46.35,48.12 2 13
github.com/jeromedoucet/gildedRose/gilded-rose.go:57.35,60.2 2 70
github.com/jeromedoucet/gildedRose/gilded-rose.go:62.45,63.22 1 13
github.com/jeromedoucet/gildedRose/gilded-rose.go:72.2,72.13 1 13
github.com/jeromedoucet/gildedRose/gilded-rose.go:63.22,65.3 1 10
github.com/jeromedoucet/gildedRose/gilded-rose.go:65.8,65.28 1 3
github.com/jeromedoucet/gildedRose/gilded-rose.go:65.28,67.3 1 1
github.com/jeromedoucet/gildedRose/gilded-rose.go:67.8,67.28 1 2
github.com/jeromedoucet/gildedRose/gilded-rose.go:67.28,69.3 1 1
github.com/jeromedoucet/gildedRose/gilded-rose.go:69.8,71.3 1 1
github.com/jeromedoucet/gildedRose/gilded-rose.go:75.40,76.22 1 13
github.com/jeromedoucet/gildedRose/gilded-rose.go:81.2,81.13 1 13
github.com/jeromedoucet/gildedRose/gilded-rose.go:76.22,78.3 1 12
github.com/jeromedoucet/gildedRose/gilded-rose.go:78.8,80.3 1 1
github.com/jeromedoucet/gildedRose/gilded-rose.go:84.46,85.23 1 39
github.com/jeromedoucet/gildedRose/gilded-rose.go:88.2,88.22 1 39
github.com/jeromedoucet/gildedRose/gilded-rose.go:93.2,93.13 1 39
github.com/jeromedoucet/gildedRose/gilded-rose.go:85.23,87.3 1 0
github.com/jeromedoucet/gildedRose/gilded-rose.go:88.22,90.3 1 36
github.com/jeromedoucet/gildedRose/gilded-rose.go:90.8,92.3 1 3
